<?xml version="1.0" encoding="UTF-8"?>
<!-- Generated by org.testng.reporters.JUnitReportReporter -->
<testsuite hostname="Manul-W" failures="0" tests="1" name="TestNG_Demo" time="5.139" errors="0" timestamp="2021-05-22T12:44:17 IST" skipped="0">
  <testcase classname="TestNG_Demo" name="test" time="5.139"/>
  <system-out/>
</testsuite> <!-- TestNG_Demo -->
